<?xml version="1.0" encoding="UTF-8"?>
<!-- Generated by org.testng.reporters.JUnitReportReporter -->
<testsuite hostname="INBGL1WLX49058" failures="0" tests="1" name="org.mytests.MyTests" time="0.020" errors="0" timestamp="2024-07-21T12:47:18 IST" skipped="0">
  <testcase classname="org.mytests.MyTests" name="loginTest" time="0.020"/>
</testsuite> <!-- org.mytests.MyTests -->
