<?xml version="1.0" encoding="UTF-8"?>
<!-- Generated by org.testng.reporters.JUnitReportReporter -->
<testsuite hostname="INBGL1WLX49058" failures="0" tests="1" name="org.mytests.MyTests" time="4.591" errors="0" timestamp="2024-07-30T18:04:33 IST" skipped="0">
  <testcase classname="org.mytests.MyTests" name="loginTest" time="4.591"/>
</testsuite> <!-- org.mytests.MyTests -->
