<?xml version="1.0" encoding="UTF-8"?>
<!-- Generated by org.testng.reporters.JUnitReportReporter -->
<testsuite hostname="INBGL1WLX49058" failures="0" tests="1" name="org.cucumbertests.TestNGTestRunner" time="23.389" errors="0" timestamp="2024-08-07T16:20:48 IST" skipped="0">
  <testcase classname="org.cucumbertests.TestNGTestRunner" name="runScenario" time="23.389"/>
</testsuite> <!-- org.cucumbertests.TestNGTestRunner -->
