<?xml version="1.0" encoding="UTF-8"?>
<!-- Generated by org.testng.reporters.JUnitReportReporter -->
<testsuite hostname="INBGL1WLX49058" failures="0" tests="1" name="org.function.Mainfunctionalities" time="0.152" errors="0" timestamp="2024-07-11T21:27:16 IST" skipped="0">
  <testcase classname="org.function.Mainfunctionalities" name="func" time="0.152"/>
</testsuite> <!-- org.function.Mainfunctionalities -->
